<?xml version="1.0" encoding="UTF-8"?>
<!-- Generated by org.testng.reporters.JUnitReportReporter -->
<testsuite hostname="nitinSree" failures="0" tests="3" name="priyanshu.framework.standalone" time="48.520" errors="0" timestamp="2024-07-21T00:06:46 IST" skipped="0">
  <testcase classname="priyanshu.framework.standalone" name="submitOrder" time="23.575"/>
  <testcase classname="priyanshu.framework.standalone" name="submitOrder" time="16.646"/>
  <testcase classname="priyanshu.framework.standalone" name="orderHistoryTest" time="8.299"/>
</testsuite> <!-- priyanshu.framework.standalone -->
