<?xml version="1.0" encoding="UTF-8"?>
<!-- Generated by org.testng.reporters.JUnitReportReporter -->
<testsuite hostname="nitinSree" failures="0" tests="3" name="test.standalone" time="52.816" errors="0" timestamp="2024-07-21T00:12:34 IST" skipped="0">
  <testcase classname="test.standalone" name="submitOrder" time="24.113"/>
  <testcase classname="test.standalone" name="submitOrder" time="22.379"/>
  <testcase classname="test.standalone" name="orderHistoryTest" time="6.324"/>
</testsuite> <!-- test.standalone -->
